<?xml version="1.0" encoding="UTF-8"?>
<robot generator="Robot 3.0.2 (Python 3.6.3 on linux)" generated="20180228 20:57:01.185">
<suite id="s1" name="Product Page Mobile" source="/home/age11/mrrobot/mrrobot/robot/product_page_mobile.robot">
<test id="s1-t1" name="Add a product to cart and continue">
<kw name="Mobile setup process" library="Common" type="setup">
<doc>just demo</doc>
<kw name="Open Application" library="AppiumLibrary">
<doc>Opens a new application to given Appium server.</doc>
<arguments>
<arg>${APPIUMSERVER}</arg>
<arg>platformName=${PLATFORMNAME}</arg>
<arg>platformVersion=${PLATFORMVERSION}</arg>
<arg>deviceName=${DEVICENAME}</arg>
<arg>browserName=Chrome</arg>
</arguments>
<status status="PASS" starttime="20180228 20:57:01.342" endtime="20180228 20:57:07.887"></status>
</kw>
<status status="PASS" starttime="20180228 20:57:01.341" endtime="20180228 20:57:07.887"></status>
</kw>
<kw name="Mobile_Open product page" library="MyStoreApp">
<kw name="Mobile_Open Page" library="ProductPage">
<kw name="Mobile_Open" library="LandingPage">
<kw name="Go To Url" library="AppiumLibrary">
<doc>Opens URL in default web browser.</doc>
<arguments>
<arg>${url}</arg>
</arguments>
<status status="PASS" starttime="20180228 20:57:07.888" endtime="20180228 20:57:12.190"></status>
</kw>
<kw name="Wait Until Element Is Visible" library="AppiumLibrary">
<doc>Waits until element specified with `locator` is visible.</doc>
<arguments>
<arg>${LOGO}</arg>
</arguments>
<status status="PASS" starttime="20180228 20:57:12.190" endtime="20180228 20:57:12.252"></status>
</kw>
<status status="PASS" starttime="20180228 20:57:07.888" endtime="20180228 20:57:12.253"></status>
</kw>
<kw name="Mobile_Click first product" library="LandingPage">
<kw name="Wait Until Element Is Visible" library="AppiumLibrary">
<doc>Waits until element specified with `locator` is visible.</doc>
<arguments>
<arg>${PRODUCT}</arg>
</arguments>
<status status="PASS" starttime="20180228 20:57:12.253" endtime="20180228 20:57:12.320"></status>
</kw>
<kw name="Click Element" library="AppiumLibrary">
<doc>Click element identified by `locator`.</doc>
<arguments>
<arg>${PRODUCT}</arg>
</arguments>
<msg timestamp="20180228 20:57:12.320" level="INFO">Clicking element 'css=div.right-block h5:nth-child(1) &gt; a[title='Faded Short Sleeve T-shirts'].product-name'.</msg>
<status status="PASS" starttime="20180228 20:57:12.320" endtime="20180228 20:57:14.218"></status>
</kw>
<status status="PASS" starttime="20180228 20:57:12.253" endtime="20180228 20:57:14.219"></status>
</kw>
<status status="PASS" starttime="20180228 20:57:07.888" endtime="20180228 20:57:14.219"></status>
</kw>
<status status="PASS" starttime="20180228 20:57:07.887" endtime="20180228 20:57:14.219"></status>
</kw>
<kw name="Mobile_Add product to cart" library="MyStoreApp">
<kw name="Mobile_Add to cart" library="ProductPage">
<kw name="Wait Until Element Is Visible" library="AppiumLibrary">
<doc>Waits until element specified with `locator` is visible.</doc>
<arguments>
<arg>${ADDTOCART}</arg>
</arguments>
<status status="PASS" starttime="20180228 20:57:14.220" endtime="20180228 20:57:14.290"></status>
</kw>
<kw name="Click Element" library="AppiumLibrary">
<doc>Click element identified by `locator`.</doc>
<arguments>
<arg>${ADDTOCART}</arg>
</arguments>
<msg timestamp="20180228 20:57:14.291" level="INFO">Clicking element 'css=#add_to_cart &gt; button &gt; span'.</msg>
<status status="PASS" starttime="20180228 20:57:14.291" endtime="20180228 20:57:14.569"></status>
</kw>
<status status="PASS" starttime="20180228 20:57:14.220" endtime="20180228 20:57:14.570"></status>
</kw>
<status status="PASS" starttime="20180228 20:57:14.219" endtime="20180228 20:57:14.570"></status>
</kw>
<kw name="Mobile_Dismiss via Continue Shopping" library="MyStoreApp">
<kw name="Mobile_Continue shopping" library="ProceedCheckoutPage">
<kw name="Wait Until Element Is Visible" library="AppiumLibrary">
<doc>Waits until element specified with `locator` is visible.</doc>
<arguments>
<arg>${CONTINUESHOPPING}</arg>
</arguments>
<status status="PASS" starttime="20180228 20:57:14.571" endtime="20180228 20:57:15.271"></status>
</kw>
<kw name="Click Element" library="AppiumLibrary">
<doc>Click element identified by `locator`.</doc>
<arguments>
<arg>${CONTINUESHOPPING}</arg>
</arguments>
<msg timestamp="20180228 20:57:15.273" level="INFO">Clicking element 'css=div.button-container &gt; span.continue.btn.btn-default.button.exclusive-medium'.</msg>
<status status="PASS" starttime="20180228 20:57:15.272" endtime="20180228 20:57:15.497"></status>
</kw>
<status status="PASS" starttime="20180228 20:57:14.570" endtime="20180228 20:57:15.497"></status>
</kw>
<status status="PASS" starttime="20180228 20:57:14.570" endtime="20180228 20:57:15.497"></status>
</kw>
<kw name="Mobile_One Product added to cart" library="MyStoreApp">
<kw name="Mobile_Products in cart" library="ProductPage">
<arguments>
<arg>1</arg>
</arguments>
<kw name="Wait Until Element Is Visible" library="AppiumLibrary">
<doc>Waits until element specified with `locator` is visible.</doc>
<arguments>
<arg>${CARTQUANTITY}</arg>
</arguments>
<status status="PASS" starttime="20180228 20:57:15.499" endtime="20180228 20:57:15.607"></status>
</kw>
<kw name="Get Text" library="AppiumLibrary">
<doc>Get element text (for hybrid and mobile browser use `xpath` locator, others might cause problem)</doc>
<arguments>
<arg>${CARTQUANTITY}</arg>
</arguments>
<assign>
<var>${number}</var>
</assign>
<msg timestamp="20180228 20:57:15.685" level="INFO">Element 'css=div[class='shopping_cart'] &gt; a &gt; span.ajax_cart_quantity:nth-child(2)' text is '1' </msg>
<msg timestamp="20180228 20:57:15.685" level="INFO">${number} = 1</msg>
<status status="PASS" starttime="20180228 20:57:15.607" endtime="20180228 20:57:15.685"></status>
</kw>
<status status="PASS" starttime="20180228 20:57:15.498" endtime="20180228 20:57:15.685"></status>
</kw>
<status status="PASS" starttime="20180228 20:57:15.498" endtime="20180228 20:57:15.685"></status>
</kw>
<kw name="Mobile teardown process" library="Common" type="teardown">
<kw name="Close All Applications" library="AppiumLibrary">
<doc>Closes all open applications.</doc>
<status status="PASS" starttime="20180228 20:57:15.686" endtime="20180228 20:57:16.585"></status>
</kw>
<status status="PASS" starttime="20180228 20:57:15.686" endtime="20180228 20:57:16.585"></status>
</kw>
<status status="PASS" starttime="20180228 20:57:01.341" endtime="20180228 20:57:16.585" critical="yes"></status>
</test>
<test id="s1-t2" name="Add a product to cart and checkout">
<kw name="Mobile setup process" library="Common" type="setup">
<doc>just demo</doc>
<kw name="Open Application" library="AppiumLibrary">
<doc>Opens a new application to given Appium server.</doc>
<arguments>
<arg>${APPIUMSERVER}</arg>
<arg>platformName=${PLATFORMNAME}</arg>
<arg>platformVersion=${PLATFORMVERSION}</arg>
<arg>deviceName=${DEVICENAME}</arg>
<arg>browserName=Chrome</arg>
</arguments>
<status status="PASS" starttime="20180228 20:57:16.588" endtime="20180228 20:57:23.679"></status>
</kw>
<status status="PASS" starttime="20180228 20:57:16.587" endtime="20180228 20:57:23.680"></status>
</kw>
<kw name="Mobile_Open product page" library="MyStoreApp">
<kw name="Mobile_Open Page" library="ProductPage">
<kw name="Mobile_Open" library="LandingPage">
<kw name="Go To Url" library="AppiumLibrary">
<doc>Opens URL in default web browser.</doc>
<arguments>
<arg>${url}</arg>
</arguments>
<status status="PASS" starttime="20180228 20:57:23.681" endtime="20180228 20:57:28.458"></status>
</kw>
<kw name="Wait Until Element Is Visible" library="AppiumLibrary">
<doc>Waits until element specified with `locator` is visible.</doc>
<arguments>
<arg>${LOGO}</arg>
</arguments>
<status status="PASS" starttime="20180228 20:57:28.458" endtime="20180228 20:57:28.507"></status>
</kw>
<status status="PASS" starttime="20180228 20:57:23.681" endtime="20180228 20:57:28.507"></status>
</kw>
<kw name="Mobile_Click first product" library="LandingPage">
<kw name="Wait Until Element Is Visible" library="AppiumLibrary">
<doc>Waits until element specified with `locator` is visible.</doc>
<arguments>
<arg>${PRODUCT}</arg>
</arguments>
<status status="PASS" starttime="20180228 20:57:28.508" endtime="20180228 20:57:28.581"></status>
</kw>
<kw name="Click Element" library="AppiumLibrary">
<doc>Click element identified by `locator`.</doc>
<arguments>
<arg>${PRODUCT}</arg>
</arguments>
<msg timestamp="20180228 20:57:28.581" level="INFO">Clicking element 'css=div.right-block h5:nth-child(1) &gt; a[title='Faded Short Sleeve T-shirts'].product-name'.</msg>
<status status="PASS" starttime="20180228 20:57:28.581" endtime="20180228 20:57:30.336"></status>
</kw>
<status status="PASS" starttime="20180228 20:57:28.508" endtime="20180228 20:57:30.337"></status>
</kw>
<status status="PASS" starttime="20180228 20:57:23.680" endtime="20180228 20:57:30.337"></status>
</kw>
<status status="PASS" starttime="20180228 20:57:23.680" endtime="20180228 20:57:30.337"></status>
</kw>
<kw name="Mobile_Add product to cart" library="MyStoreApp">
<kw name="Mobile_Add to cart" library="ProductPage">
<kw name="Wait Until Element Is Visible" library="AppiumLibrary">
<doc>Waits until element specified with `locator` is visible.</doc>
<arguments>
<arg>${ADDTOCART}</arg>
</arguments>
<status status="PASS" starttime="20180228 20:57:30.339" endtime="20180228 20:57:30.395"></status>
</kw>
<kw name="Click Element" library="AppiumLibrary">
<doc>Click element identified by `locator`.</doc>
<arguments>
<arg>${ADDTOCART}</arg>
</arguments>
<msg timestamp="20180228 20:57:30.396" level="INFO">Clicking element 'css=#add_to_cart &gt; button &gt; span'.</msg>
<status status="PASS" starttime="20180228 20:57:30.395" endtime="20180228 20:57:30.616"></status>
</kw>
<status status="PASS" starttime="20180228 20:57:30.339" endtime="20180228 20:57:30.617"></status>
</kw>
<status status="PASS" starttime="20180228 20:57:30.338" endtime="20180228 20:57:30.617"></status>
</kw>
<kw name="Mobile_Proceed to the cart" library="MyStoreApp">
<kw name="Mobile_Proceed checkout" library="ProceedCheckoutPage">
<kw name="Wait Until Element Is Visible" library="AppiumLibrary">
<doc>Waits until element specified with `locator` is visible.</doc>
<arguments>
<arg>${CHECKOUT}</arg>
</arguments>
<status status="PASS" starttime="20180228 20:57:30.618" endtime="20180228 20:57:31.261"></status>
</kw>
<kw name="Click Element" library="AppiumLibrary">
<doc>Click element identified by `locator`.</doc>
<arguments>
<arg>${CHECKOUT}</arg>
</arguments>
<msg timestamp="20180228 20:57:31.262" level="INFO">Clicking element 'css=a[title='Proceed to checkout'].btn.btn-default'.</msg>
<status status="PASS" starttime="20180228 20:57:31.262" endtime="20180228 20:57:32.739"></status>
</kw>
<status status="PASS" starttime="20180228 20:57:30.618" endtime="20180228 20:57:32.740"></status>
</kw>
<status status="PASS" starttime="20180228 20:57:30.617" endtime="20180228 20:57:32.740"></status>
</kw>
<kw name="Mobile_Product added to cart" library="MyStoreApp">
<kw name="CartSummary.Mobile_products_in-cart" library="CartSummary">
<arguments>
<arg>1</arg>
</arguments>
<kw name="Wait Until Element Is Visible" library="AppiumLibrary">
<doc>Waits until element specified with `locator` is visible.</doc>
<arguments>
<arg>${FIRSTCARTITEM}</arg>
</arguments>
<status status="PASS" starttime="20180228 20:57:32.742" endtime="20180228 20:57:32.865"></status>
</kw>
<kw name="Get Element Attribute" library="AppiumLibrary">
<doc>Get element attribute using given attribute: name, value,...</doc>
<arguments>
<arg>${PRODUCTCOUNT}</arg>
<arg>attribute=Value</arg>
</arguments>
<assign>
<var>${val}</var>
</assign>
<msg timestamp="20180228 20:57:32.980" level="INFO">Element 'css=input.cart_quantity_input.form-control.grey' attribute 'Value' value '1' </msg>
<msg timestamp="20180228 20:57:32.981" level="INFO">${val} = 1</msg>
<status status="PASS" starttime="20180228 20:57:32.865" endtime="20180228 20:57:32.981"></status>
</kw>
<kw name="Should Be Equal As Numbers" library="BuiltIn">
<doc>Fails if objects are unequal after converting them to real numbers.</doc>
<arguments>
<arg>${number}</arg>
<arg>${val}</arg>
</arguments>
<status status="PASS" starttime="20180228 20:57:32.981" endtime="20180228 20:57:32.981"></status>
</kw>
<status status="PASS" starttime="20180228 20:57:32.741" endtime="20180228 20:57:32.982"></status>
</kw>
<status status="PASS" starttime="20180228 20:57:32.740" endtime="20180228 20:57:32.982"></status>
</kw>
<kw name="Mobile teardown process" library="Common" type="teardown">
<kw name="Close All Applications" library="AppiumLibrary">
<doc>Closes all open applications.</doc>
<status status="PASS" starttime="20180228 20:57:32.982" endtime="20180228 20:57:34.005"></status>
</kw>
<status status="PASS" starttime="20180228 20:57:32.982" endtime="20180228 20:57:34.005"></status>
</kw>
<status status="PASS" starttime="20180228 20:57:16.586" endtime="20180228 20:57:34.005" critical="yes"></status>
</test>
<doc>http://automationpractice.com/index.php flow automation</doc>
<status status="PASS" starttime="20180228 20:57:01.186" endtime="20180228 20:57:34.006"></status>
</suite>
<statistics>
<total>
<stat pass="2" fail="0">Critical Tests</stat>
<stat pass="2" fail="0">All Tests</stat>
</total>
<tag>
</tag>
<suite>
<stat pass="2" fail="0" id="s1" name="Product Page Mobile">Product Page Mobile</stat>
</suite>
</statistics>
<errors>
<msg timestamp="20180228 20:57:01.319" level="ERROR">Error in file '/home/age11/mrrobot/mrrobot/Resources/POMs/ProductPage.robot': Resource file '../Resources/POMs/LandingPage.robot' does not exist.</msg>
</errors>
</robot>
